<?xml version="1.0" encoding="UTF-8"?>
<!-- Generated by org.testng.reporters.JUnitReportReporter -->
<testsuite hostname="DG-LT-MONI-DE259" failures="0" tests="1" name="PageObject.LoginTest" time="1.026" errors="0" timestamp="2023-11-06T15:11:04 IST" skipped="0">
  <testcase classname="PageObject.LoginTest" name="testLogin" time="1.026"/>
</testsuite> <!-- PageObject.LoginTest -->
